#
# There is insufficient memory for the Java Runtime Environment to continue.
# Native memory allocation (malloc) failed to allocate 842496 bytes for Chunk::new
# Possible reasons:
#   The system is out of physical RAM or swap space
#   In 32 bit mode, the process size limit was hit
# Possible solutions:
#   Reduce memory load on the system
#   Increase physical memory or swap space
#   Check if swap backing store is full
#   Use 64 bit Java on a 64 bit OS
#   Decrease Java heap size (-Xmx/-Xms)
#   Decrease number of Java threads
#   Decrease Java thread stack sizes (-Xss)
#   Set larger code cache with -XX:ReservedCodeCacheSize=
# This output file may be truncated or incomplete.
#
#  Out of Memory Error (allocation.cpp:390), pid=3300, tid=3876
#
# JRE version: Java(TM) SE Runtime Environment (8.0_45-b14) (build 1.8.0_45-b14)
# Java VM: Java HotSpot(TM) 64-Bit Server VM (25.45-b02 mixed mode windows-amd64 compressed oops)
# Failed to write core dump. Minidumps are not enabled by default on client versions of Windows
#

---------------  T H R E A D  ---------------

Current thread (0x00000000178d9800):  JavaThread "C2 CompilerThread1" daemon [_thread_in_native, id=3876, stack(0x0000000018000000,0x0000000018100000)]

Stack: [0x0000000018000000,0x0000000018100000]
Native frames: (J=compiled Java code, j=interpreted, Vv=VM code, C=native code)
V  [jvm.dll+0x32b57a]


Current CompileTask:
C2:6032402 22702       4       com.android.utils.PositionXmlParser::getPositionHelper (757 bytes)


---------------  P R O C E S S  ---------------

Java Threads: ( => current thread )
  0x000000001b5af000 JavaThread "Task worker for ':' Thread 3" [_thread_blocked, id=8000, stack(0x0000000023240000,0x0000000023340000)]
  0x000000001b5aa800 JavaThread "Task worker for ':' Thread 2" [_thread_blocked, id=5288, stack(0x0000000023a10000,0x0000000023b10000)]
  0x000000001b5ae800 JavaThread "Task worker for ':'" [_thread_blocked, id=2600, stack(0x00000000230d0000,0x00000000231d0000)]
  0x000000001b5ac000 JavaThread "Cache worker for Build Output Cleanup Cache (C:\Users\Administrator\Desktop\courseapp\.gradle\buildOutputCleanup)" [_thread_blocked, id=3468, stack(0x0000000021660000,0x0000000021760000)]
  0x000000001b5b4800 JavaThread "Cache worker for task history cache (C:\Users\Administrator\Desktop\courseapp\.gradle\4.6\taskHistory)" [_thread_blocked, id=8280, stack(0x0000000022f00000,0x0000000023000000)]
  0x000000001b5ad000 JavaThread "Cache worker for file content cache (C:\Users\Administrator\Desktop\courseapp\.gradle\4.6\fileContent)" [_thread_blocked, id=8212, stack(0x0000000022a60000,0x0000000022b60000)]
  0x000000001b5b6000 JavaThread "Build operations Thread 4" [_thread_in_native, id=8540, stack(0x0000000020ac0000,0x0000000020bc0000)]
  0x000000001b5a8800 JavaThread "Build operations Thread 3" [_thread_in_native, id=8516, stack(0x0000000021340000,0x0000000021440000)]
  0x000000001b5b1800 JavaThread "Build operations Thread 2" [_thread_blocked, id=8200, stack(0x0000000022600000,0x0000000022700000)]
  0x000000001d4e1000 JavaThread "Build operations" [_thread_blocked, id=9120, stack(0x0000000020bc0000,0x0000000020cc0000)]
  0x000000001d4e2800 JavaThread "Cache worker for Artifact transforms cache (C:\Users\Administrator\.gradle\caches\transforms-1)" [_thread_blocked, id=7792, stack(0x000000001ef30000,0x000000001f030000)]
  0x000000001d4e4000 JavaThread "Cache worker for file hash cache (C:\Users\Administrator\Desktop\courseapp\.gradle\4.6\fileHashes)" [_thread_blocked, id=8196, stack(0x000000001c480000,0x000000001c580000)]
  0x000000001d4e6000 JavaThread "Stdin handler" [_thread_blocked, id=3736, stack(0x000000001aec0000,0x000000001afc0000)]
  0x000000001d4e0000 JavaThread "Asynchronous log dispatcher for DefaultDaemonConnection: socket connection from /127.0.0.1:55809 to /127.0.0.1:57531" [_thread_blocked, id=7928, stack(0x000000001acb0000,0x000000001adb0000)]
  0x000000001d4e1800 JavaThread "Cancel handler" [_thread_blocked, id=7640, stack(0x000000001a3c0000,0x000000001a4c0000)]
  0x000000001d4e3000 JavaThread "Handler for socket connection from /127.0.0.1:55809 to /127.0.0.1:57531" [_thread_in_native, id=7304, stack(0x000000001ab80000,0x000000001ac80000)]
  0x000000001b5a9000 JavaThread "Daemon worker Thread 6" [_thread_blocked, id=7384, stack(0x000000001ede0000,0x000000001eee0000)]
  0x000000001b9cc000 JavaThread "Daemon Thread 6" [_thread_blocked, id=7900, stack(0x000000001a4c0000,0x000000001a5c0000)]
  0x000000001b9cd000 JavaThread "pool-1-thread-1" [_thread_blocked, id=6564, stack(0x0000000020740000,0x0000000020840000)]
  0x000000001b5b2000 JavaThread "Memory manager" [_thread_blocked, id=5148, stack(0x00000000211b0000,0x00000000212b0000)]
  0x0000000019890000 JavaThread "File lock request listener" [_thread_in_native, id=5732, stack(0x000000001b3a0000,0x000000001b4a0000)]
  0x0000000019919800 JavaThread "Cache worker for file hash cache (C:\Users\Administrator\.gradle\caches\4.6\fileHashes)" [_thread_blocked, id=6072, stack(0x000000001b230000,0x000000001b330000)]
  0x00000000196fa000 JavaThread "Daemon periodic checks" [_thread_blocked, id=4312, stack(0x000000001a150000,0x000000001a250000)]
  0x0000000019600800 JavaThread "Incoming local TCP Connector on port 55809" [_thread_in_native, id=5100, stack(0x00000000182a0000,0x00000000183a0000)]
  0x00000000195b1000 JavaThread "Daemon health stats" [_thread_blocked, id=2920, stack(0x0000000019e30000,0x0000000019f30000)]
  0x0000000017934800 JavaThread "Service Thread" daemon [_thread_blocked, id=3244, stack(0x00000000183a0000,0x00000000184a0000)]
  0x0000000017933000 JavaThread "C1 CompilerThread2" daemon [_thread_blocked, id=3716, stack(0x0000000018100000,0x0000000018200000)]
=>0x00000000178d9800 JavaThread "C2 CompilerThread1" daemon [_thread_in_native, id=3876, stack(0x0000000018000000,0x0000000018100000)]
  0x00000000178d4000 JavaThread "C2 CompilerThread0" daemon [_thread_in_native, id=5052, stack(0x0000000017e80000,0x0000000017f80000)]
  0x00000000178cb000 JavaThread "Attach Listener" daemon [_thread_blocked, id=3588, stack(0x0000000017d20000,0x0000000017e20000)]
  0x00000000178ca800 JavaThread "Signal Dispatcher" daemon [_thread_blocked, id=3024, stack(0x00000000176c0000,0x00000000177c0000)]
  0x0000000016431000 JavaThread "Finalizer" daemon [_thread_blocked, id=3596, stack(0x00000000177c0000,0x00000000178c0000)]
  0x0000000016430000 JavaThread "Reference Handler" daemon [_thread_blocked, id=1272, stack(0x00000000174e0000,0x00000000175e0000)]
  0x000000000260f000 JavaThread "main" [_thread_blocked, id=2256, stack(0x0000000002940000,0x0000000002a40000)]

Other Threads:
  0x000000001642a800 VMThread [stack: 0x00000000173c0000,0x00000000174c0000] [id=3144]
  0x0000000017937800 WatcherThread [stack: 0x0000000018510000,0x0000000018610000] [id=2772]

VM state:not at safepoint (normal execution)

VM Mutex/Monitor currently owned by a thread: None

Heap:
 PSYoungGen      total 453632K, used 403533K [0x00000000e0000000, 0x0000000100000000, 0x0000000100000000)
  eden space 404480K, 87% used [0x00000000e0000000,0x00000000f5a15ec8,0x00000000f8b00000)
  from space 49152K, 99% used [0x00000000fcd80000,0x00000000ffd7d6b8,0x00000000ffd80000)
  to   space 59904K, 0% used [0x00000000f8b00000,0x00000000f8b00000,0x00000000fc580000)
 ParOldGen       total 195072K, used 148464K [0x00000000a0000000, 0x00000000abe80000, 0x00000000e0000000)
  object space 195072K, 76% used [0x00000000a0000000,0x00000000a90fc1b8,0x00000000abe80000)
 Metaspace       used 88797K, capacity 93276K, committed 93400K, reserved 1130496K
  class space    used 11377K, capacity 12196K, committed 12288K, reserved 1048576K

Card table byte_map: [0x0000000011e00000,0x0000000012110000] byte_map_base: 0x0000000011900000

Marking Bits: (ParMarkBitMap*) 0x00000000693f4040
 Begin Bits: [0x00000000127a0000, 0x0000000013fa0000)
 End Bits:   [0x0000000013fa0000, 0x00000000157a0000)

Polling page: 0x0000000000340000

CodeCache: size=245760Kb used=60048Kb max_used=60048Kb free=185711Kb
 bounds [0x0000000002a40000, 0x0000000006540000, 0x0000000011a40000]
 total_blobs=17956 nmethods=17103 adapters=762
 compilation: enabled

Compilation events (10 events):
Event: 6031.749 Thread 0x0000000017933000 22746       3       com.google.common.base.CaseFormat$5::convert (38 bytes)
Event: 6031.749 Thread 0x0000000017933000 nmethod 22746 0x0000000006534050 code [0x00000000065341e0, 0x0000000006534538]
Event: 6031.750 Thread 0x0000000017933000 22755       3       com.google.common.collect.ImmutableMultimap$Builder::put (19 bytes)
Event: 6031.750 Thread 0x0000000017933000 nmethod 22755 0x0000000006534650 code [0x00000000065347c0, 0x0000000006534a38]
Event: 6031.750 Thread 0x0000000017933000 22756       3       com.android.ide.common.xml.XmlPrettyPrinter::printText (387 bytes)
Event: 6031.753 Thread 0x0000000017933000 nmethod 22756 0x0000000006534b10 code [0x0000000006534fc0, 0x0000000006537f58]
Event: 6031.753 Thread 0x0000000017933000 22757       3       com.google.common.io.LineBuffer::finishLine (63 bytes)
Event: 6031.754 Thread 0x0000000017933000 nmethod 22757 0x0000000006539bd0 code [0x0000000006539d80, 0x000000000653a478]
Event: 6031.754 Thread 0x0000000017933000 22758       3       com.google.common.io.LineReader$1::handleLine (15 bytes)
Event: 6031.754 Thread 0x0000000017933000 nmethod 22758 0x000000000653a710 code [0x000000000653a880, 0x000000000653aaa8]

GC Heap History (10 events):
Event: 970.470 GC heap before
{Heap before GC invocations=20 (full 4):
 PSYoungGen      total 497152K, used 472576K [0x00000000e0000000, 0x0000000100000000, 0x0000000100000000)
  eden space 472576K, 100% used [0x00000000e0000000,0x00000000fcd80000,0x00000000fcd80000)
  from space 24576K, 0% used [0x00000000fcd80000,0x00000000fcd80000,0x00000000fe580000)
  to   space 27136K, 0% used [0x00000000fe580000,0x00000000fe580000,0x0000000100000000)
 ParOldGen       total 195072K, used 98505K [0x00000000a0000000, 0x00000000abe80000, 0x00000000e0000000)
  object space 195072K, 50% used [0x00000000a0000000,0x00000000a6032630,0x00000000abe80000)
 Metaspace       used 84458K, capacity 88020K, committed 89432K, reserved 1126400K
  class space    used 10945K, capacity 11630K, committed 11904K, reserved 1048576K
Event: 970.552 GC heap after
Heap after GC invocations=20 (full 4):
 PSYoungGen      total 455168K, used 27107K [0x00000000e0000000, 0x0000000100000000, 0x0000000100000000)
  eden space 428032K, 0% used [0x00000000e0000000,0x00000000e0000000,0x00000000fa200000)
  from space 27136K, 99% used [0x00000000fe580000,0x00000000ffff8c68,0x0000000100000000)
  to   space 48128K, 0% used [0x00000000fa200000,0x00000000fa200000,0x00000000fd100000)
 ParOldGen       total 195072K, used 117539K [0x00000000a0000000, 0x00000000abe80000, 0x00000000e0000000)
  object space 195072K, 60% used [0x00000000a0000000,0x00000000a72c8c48,0x00000000abe80000)
 Metaspace       used 84458K, capacity 88020K, committed 89432K, reserved 1126400K
  class space    used 10945K, capacity 11630K, committed 11904K, reserved 1048576K
}
Event: 1044.377 GC heap before
{Heap before GC invocations=21 (full 4):
 PSYoungGen      total 455168K, used 455139K [0x00000000e0000000, 0x0000000100000000, 0x0000000100000000)
  eden space 428032K, 100% used [0x00000000e0000000,0x00000000fa200000,0x00000000fa200000)
  from space 27136K, 99% used [0x00000000fe580000,0x00000000ffff8c68,0x0000000100000000)
  to   space 48128K, 0% used [0x00000000fa200000,0x00000000fa200000,0x00000000fd100000)
 ParOldGen       total 195072K, used 117539K [0x00000000a0000000, 0x00000000abe80000, 0x00000000e0000000)
  object space 195072K, 60% used [0x00000000a0000000,0x00000000a72c8c48,0x00000000abe80000)
 Metaspace       used 85042K, capacity 88756K, committed 89432K, reserved 1126400K
  class space    used 11000K, capacity 11708K, committed 11904K, reserved 1048576K
Event: 1044.418 GC heap after
Heap after GC invocations=21 (full 4):
 PSYoungGen      total 464896K, used 36695K [0x00000000e0000000, 0x0000000100000000, 0x0000000100000000)
  eden space 428032K, 0% used [0x00000000e0000000,0x00000000e0000000,0x00000000fa200000)
  from space 36864K, 99% used [0x00000000fa200000,0x00000000fc5d5fa8,0x00000000fc600000)
  to   space 51712K, 0% used [0x00000000fcd80000,0x00000000fcd80000,0x0000000100000000)
 ParOldGen       total 195072K, used 138782K [0x00000000a0000000, 0x00000000abe80000, 0x00000000e0000000)
  object space 195072K, 71% used [0x00000000a0000000,0x00000000a8787ab0,0x00000000abe80000)
 Metaspace       used 85042K, capacity 88756K, committed 89432K, reserved 1126400K
  class space    used 11000K, capacity 11708K, committed 11904K, reserved 1048576K
}
Event: 1085.748 GC heap before
{Heap before GC invocations=22 (full 4):
 PSYoungGen      total 464896K, used 464727K [0x00000000e0000000, 0x0000000100000000, 0x0000000100000000)
  eden space 428032K, 100% used [0x00000000e0000000,0x00000000fa200000,0x00000000fa200000)
  from space 36864K, 99% used [0x00000000fa200000,0x00000000fc5d5fa8,0x00000000fc600000)
  to   space 51712K, 0% used [0x00000000fcd80000,0x00000000fcd80000,0x0000000100000000)
 ParOldGen       total 195072K, used 138782K [0x00000000a0000000, 0x00000000abe80000, 0x00000000e0000000)
  object space 195072K, 71% used [0x00000000a0000000,0x00000000a8787ab0,0x00000000abe80000)
 Metaspace       used 85893K, capacity 89738K, committed 89944K, reserved 1128448K
  class space    used 11079K, capacity 11795K, committed 11904K, reserved 1048576K
Event: 1085.762 GC heap after
Heap after GC invocations=22 (full 4):
 PSYoungGen      total 475136K, used 22738K [0x00000000e0000000, 0x0000000100000000, 0x0000000100000000)
  eden space 423424K, 0% used [0x00000000e0000000,0x00000000e0000000,0x00000000f9d80000)
  from space 51712K, 43% used [0x00000000fcd80000,0x00000000fe3b4928,0x0000000100000000)
  to   space 49152K, 0% used [0x00000000f9d80000,0x00000000f9d80000,0x00000000fcd80000)
 ParOldGen       total 195072K, used 138790K [0x00000000a0000000, 0x00000000abe80000, 0x00000000e0000000)
  object space 195072K, 71% used [0x00000000a0000000,0x00000000a8789ab0,0x00000000abe80000)
 Metaspace       used 85893K, capacity 89738K, committed 89944K, reserved 1128448K
  class space    used 11079K, capacity 11795K, committed 11904K, reserved 1048576K
}
Event: 1089.329 GC heap before
{Heap before GC invocations=23 (full 4):
 PSYoungGen      total 475136K, used 444380K [0x00000000e0000000, 0x0000000100000000, 0x0000000100000000)
  eden space 423424K, 99% used [0x00000000e0000000,0x00000000f9bc2770,0x00000000f9d80000)
  from space 51712K, 43% used [0x00000000fcd80000,0x00000000fe3b4928,0x0000000100000000)
  to   space 49152K, 0% used [0x00000000f9d80000,0x00000000f9d80000,0x00000000fcd80000)
 ParOldGen       total 195072K, used 138790K [0x00000000a0000000, 0x00000000abe80000, 0x00000000e0000000)
  object space 195072K, 71% used [0x00000000a0000000,0x00000000a8789ab0,0x00000000abe80000)
 Metaspace       used 86938K, capacity 90826K, committed 91096K, reserved 1128448K
  class space    used 11179K, capacity 11901K, committed 12032K, reserved 1048576K
Event: 1089.343 GC heap after
Heap after GC invocations=23 (full 4):
 PSYoungGen      total 472576K, used 29920K [0x00000000e0000000, 0x00000000ffd80000, 0x0000000100000000)
  eden space 423424K, 0% used [0x00000000e0000000,0x00000000e0000000,0x00000000f9d80000)
  from space 49152K, 60% used [0x00000000f9d80000,0x00000000fbab8308,0x00000000fcd80000)
  to   space 49152K, 0% used [0x00000000fcd80000,0x00000000fcd80000,0x00000000ffd80000)
 ParOldGen       total 195072K, used 138798K [0x00000000a0000000, 0x00000000abe80000, 0x00000000e0000000)
  object space 195072K, 71% used [0x00000000a0000000,0x00000000a878bab0,0x00000000abe80000)
 Metaspace       used 86938K, capacity 90826K, committed 91096K, reserved 1128448K
  class space    used 11179K, capacity 11901K, committed 12032K, reserved 1048576K
}
Event: 1140.230 GC heap before
{Heap before GC invocations=24 (full 4):
 PSYoungGen      total 472576K, used 453344K [0x00000000e0000000, 0x00000000ffd80000, 0x0000000100000000)
  eden space 423424K, 100% used [0x00000000e0000000,0x00000000f9d80000,0x00000000f9d80000)
  from space 49152K, 60% used [0x00000000f9d80000,0x00000000fbab8308,0x00000000fcd80000)
  to   space 49152K, 0% used [0x00000000fcd80000,0x00000000fcd80000,0x00000000ffd80000)
 ParOldGen       total 195072K, used 138798K [0x00000000a0000000, 0x00000000abe80000, 0x00000000e0000000)
  object space 195072K, 71% used [0x00000000a0000000,0x00000000a878bab0,0x00000000abe80000)
 Metaspace       used 88334K, capacity 92682K, committed 92760K, reserved 1130496K
  class space    used 11345K, capacity 12125K, committed 12160K, reserved 1048576K
Event: 1140.265 GC heap after
Heap after GC invocations=24 (full 4):
 PSYoungGen      total 453632K, used 49141K [0x00000000e0000000, 0x0000000100000000, 0x0000000100000000)
  eden space 404480K, 0% used [0x00000000e0000000,0x00000000e0000000,0x00000000f8b00000)
  from space 49152K, 99% used [0x00000000fcd80000,0x00000000ffd7d6b8,0x00000000ffd80000)
  to   space 59904K, 0% used [0x00000000f8b00000,0x00000000f8b00000,0x00000000fc580000)
 ParOldGen       total 195072K, used 148464K [0x00000000a0000000, 0x00000000abe80000, 0x00000000e0000000)
  object space 195072K, 76% used [0x00000000a0000000,0x00000000a90fc1b8,0x00000000abe80000)
 Metaspace       used 88334K, capacity 92682K, committed 92760K, reserved 1130496K
  class space    used 11345K, capacity 12125K, committed 12160K, reserved 1048576K
}

Deoptimization events (10 events):
Event: 5979.669 Thread 0x000000001d4e6000 Uncommon trap: reason=unstable_if action=reinterpret pc=0x0000000005fcda8c method=java.util.concurrent.ThreadPoolExecutor.getTask()Ljava/lang/Runnable; @ 34
Event: 5979.669 Thread 0x000000001d4e6000 Uncommon trap: reason=unstable_if action=reinterpret pc=0x0000000003d6d6e8 method=java.util.concurrent.locks.AbstractQueuedSynchronizer.acquireInterruptibly(I)V @ 3
Event: 5979.708 Thread 0x000000001b9cc000 Uncommon trap: reason=unstable_if action=reinterpret pc=0x00000000050f7cdc method=org.gradle.internal.serialize.ExceptionReplacingObjectOutputStream.doReplaceObject(Ljava/lang/Object;)Ljava/lang/Object; @ 4
Event: 5979.715 Thread 0x000000001b9cc000 Uncommon trap: reason=predicate action=maybe_recompile pc=0x0000000002d9bc7c method=java.util.ComparableTimSort.binarySort([Ljava/lang/Object;III)V @ 37
Event: 6031.023 Thread 0x000000001b5a9000 Uncommon trap: reason=unstable_if action=reinterpret pc=0x000000000625ca0c method=java.util.concurrent.locks.LockSupport.unpark(Ljava/lang/Thread;)V @ 1
Event: 6031.738 Thread 0x000000001b5a9000 Uncommon trap: reason=unstable_if action=reinterpret pc=0x0000000006308d3c method=com.sun.org.apache.xerces.internal.dom.ParentNode.internalInsertBefore(Lorg/w3c/dom/Node;Lorg/w3c/dom/Node;Z)Lorg/w3c/dom/Node; @ 572
Event: 6031.739 Thread 0x000000001b5a9000 Uncommon trap: reason=class_check action=maybe_recompile pc=0x000000000416bf08 method=com.sun.org.apache.xerces.internal.dom.AttrImpl.getOwnerElement()Lorg/w3c/dom/Element; @ 18
Event: 6031.739 Thread 0x000000001b5a9000 Uncommon trap: reason=class_check action=maybe_recompile pc=0x000000000416bf08 method=com.sun.org.apache.xerces.internal.dom.AttrImpl.getOwnerElement()Lorg/w3c/dom/Element; @ 18
Event: 6031.739 Thread 0x000000001b5a9000 Uncommon trap: reason=class_check action=maybe_recompile pc=0x000000000416bf08 method=com.sun.org.apache.xerces.internal.dom.AttrImpl.getOwnerElement()Lorg/w3c/dom/Element; @ 18
Event: 6031.740 Thread 0x000000001b5a9000 Uncommon trap: reason=class_check action=maybe_recompile pc=0x000000000416bf08 method=com.sun.org.apache.xerces.internal.dom.AttrImpl.getOwnerElement()Lorg/w3c/dom/Element; @ 18

Internal exceptions (10 events):
Event: 6031.132 Thread 0x000000001b5a9000 Exception <a 'sun/nio/fs/WindowsException'> (0x00000000f312c4f0) thrown at [C:\re\workspace\8-2-build-windows-amd64-cygwin\jdk8u45\3457\hotspot\src\share\vm\prims\jni.cpp, line 709]
Event: 6031.132 Thread 0x000000001b5a9000 Exception <a 'sun/nio/fs/WindowsException'> (0x00000000f312e4a8) thrown at [C:\re\workspace\8-2-build-windows-amd64-cygwin\jdk8u45\3457\hotspot\src\share\vm\prims\jni.cpp, line 709]
Event: 6031.132 Thread 0x000000001b5a9000 Exception <a 'sun/nio/fs/WindowsException'> (0x00000000f312edc0) thrown at [C:\re\workspace\8-2-build-windows-amd64-cygwin\jdk8u45\3457\hotspot\src\share\vm\prims\jni.cpp, line 709]
Event: 6031.132 Thread 0x000000001b5a9000 Exception <a 'sun/nio/fs/WindowsException'> (0x00000000f3130450) thrown at [C:\re\workspace\8-2-build-windows-amd64-cygwin\jdk8u45\3457\hotspot\src\share\vm\prims\jni.cpp, line 709]
Event: 6031.132 Thread 0x000000001b5a9000 Exception <a 'sun/nio/fs/WindowsException'> (0x00000000f3130da8) thrown at [C:\re\workspace\8-2-build-windows-amd64-cygwin\jdk8u45\3457\hotspot\src\share\vm\prims\jni.cpp, line 709]
Event: 6031.133 Thread 0x000000001b5a9000 Exception <a 'sun/nio/fs/WindowsException'> (0x00000000f3134748) thrown at [C:\re\workspace\8-2-build-windows-amd64-cygwin\jdk8u45\3457\hotspot\src\share\vm\prims\jni.cpp, line 709]
Event: 6031.133 Thread 0x000000001b5a9000 Exception <a 'sun/nio/fs/WindowsException'> (0x00000000f3135018) thrown at [C:\re\workspace\8-2-build-windows-amd64-cygwin\jdk8u45\3457\hotspot\src\share\vm\prims\jni.cpp, line 709]
Event: 6031.133 Thread 0x000000001b5a9000 Exception <a 'sun/nio/fs/WindowsException'> (0x00000000f3136658) thrown at [C:\re\workspace\8-2-build-windows-amd64-cygwin\jdk8u45\3457\hotspot\src\share\vm\prims\jni.cpp, line 709]
Event: 6031.133 Thread 0x000000001b5a9000 Exception <a 'sun/nio/fs/WindowsException'> (0x00000000f3136f68) thrown at [C:\re\workspace\8-2-build-windows-amd64-cygwin\jdk8u45\3457\hotspot\src\share\vm\prims\jni.cpp, line 709]
Event: 6031.133 Thread 0x000000001b5a9000 Exception <a 'sun/nio/fs/WindowsException'> (0x00000000f3139a10) thrown at [C:\re\workspace\8-2-build-windows-amd64-cygwin\jdk8u45\3457\hotspot\src\share\vm\prims\jni.cpp, line 709]

Events (10 events):
Event: 6031.758 Executing VM operation: RevokeBias
Event: 6031.758 Executing VM operation: RevokeBias done
Event: 6031.758 Executing VM operation: RevokeBias
Event: 6031.758 Executing VM operation: RevokeBias done
Event: 6031.758 Executing VM operation: RevokeBias
Event: 6031.758 Executing VM operation: RevokeBias done
Event: 6031.758 Executing VM operation: RevokeBias
Event: 6031.758 Executing VM operation: RevokeBias done
Event: 6031.758 Executing VM operation: RevokeBias
Event: 6031.758 Executing VM operation: RevokeBias done


Dynamic libraries:
0x000000013f8e0000 - 0x000000013f917000 	C:\Program Files\Java\jdk1.8.0_45\bin\java.exe
0x00000000774b0000 - 0x000000007764f000 	C:\Windows\SYSTEM32\ntdll.dll
0x0000000077230000 - 0x000000007734f000 	C:\Windows\system32\kernel32.dll
0x000007fefdc60000 - 0x000007fefdcca000 	C:\Windows\system32\KERNELBASE.dll
0x000007feff0f0000 - 0x000007feff1cb000 	C:\Windows\system32\ADVAPI32.dll
0x000007feff050000 - 0x000007feff0ef000 	C:\Windows\system32\msvcrt.dll
0x000007feff1d0000 - 0x000007feff1ef000 	C:\Windows\SYSTEM32\sechost.dll
0x000007feff440000 - 0x000007feff56c000 	C:\Windows\system32\RPCRT4.dll
0x0000000077130000 - 0x000000007722a000 	C:\Windows\system32\USER32.dll
0x000007feff730000 - 0x000007feff797000 	C:\Windows\system32\GDI32.dll
0x000007feff720000 - 0x000007feff72e000 	C:\Windows\system32\LPK.dll
0x000007feff1f0000 - 0x000007feff2bb000 	C:\Windows\system32\USP10.dll
0x000007fefbdb0000 - 0x000007fefbfa4000 	C:\Windows\WinSxS\amd64_microsoft.windows.common-controls_6595b64144ccf1df_6.0.7601.18837_none_fa3b1e3d17594757\COMCTL32.dll
0x000007feff570000 - 0x000007feff5e1000 	C:\Windows\system32\SHLWAPI.dll
0x000007fefecb0000 - 0x000007fefecde000 	C:\Windows\system32\IMM32.DLL
0x000007feff5f0000 - 0x000007feff6f9000 	C:\Windows\system32\MSCTF.dll
0x0000000071760000 - 0x000000007176c000 	C:\??\C:\Program Files (x86)\360\360Safe\safemon\SafeWrapper.dll
0x000007fef8990000 - 0x000007fef8a22000 	C:\Program Files (x86)\360\360Safe\safemon\libzdtp64.dll
0x000007fefdf20000 - 0x000007fefecab000 	C:\Windows\system32\SHELL32.dll
0x000007fefd4e0000 - 0x000007fefd4ec000 	C:\Windows\system32\VERSION.dll
0x000007fefc990000 - 0x000007fefc993000 	C:\Windows\system32\api-ms-win-core-synch-l1-2-0.DLL
0x000000006e9c0000 - 0x000000006ea92000 	C:\Program Files\Java\jdk1.8.0_45\jre\bin\msvcr100.dll
0x0000000068bf0000 - 0x0000000069473000 	C:\Program Files\Java\jdk1.8.0_45\jre\bin\server\jvm.dll
0x000007fef5090000 - 0x000007fef5099000 	C:\Windows\system32\WSOCK32.dll
0x000007fefded0000 - 0x000007fefdf1d000 	C:\Windows\system32\WS2_32.dll
0x000007feff040000 - 0x000007feff048000 	C:\Windows\system32\NSI.dll
0x000007fefb4b0000 - 0x000007fefb4eb000 	C:\Windows\system32\WINMM.dll
0x0000000077650000 - 0x0000000077657000 	C:\Windows\system32\PSAPI.DLL
0x000000006e9b0000 - 0x000000006e9bf000 	C:\Program Files\Java\jdk1.8.0_45\jre\bin\verify.dll
0x000000006e980000 - 0x000000006e9a9000 	C:\Program Files\Java\jdk1.8.0_45\jre\bin\java.dll
0x000000006e960000 - 0x000000006e976000 	C:\Program Files\Java\jdk1.8.0_45\jre\bin\zip.dll
0x000007fefdcd0000 - 0x000007fefdecc000 	C:\Windows\system32\ole32.dll
0x000007fefd900000 - 0x000007fefd90f000 	C:\Windows\system32\profapi.dll
0x000000006e940000 - 0x000000006e95a000 	C:\Program Files\Java\jdk1.8.0_45\jre\bin\net.dll
0x000007fefd070000 - 0x000007fefd0c5000 	C:\Windows\system32\mswsock.dll
0x000007fefd060000 - 0x000007fefd067000 	C:\Windows\System32\wship6.dll
0x000000006e920000 - 0x000000006e931000 	C:\Program Files\Java\jdk1.8.0_45\jre\bin\nio.dll
0x000007feee530000 - 0x000007feee54e000 	C:\Users\Administrator\.gradle\native\25\windows-amd64\native-platform.dll
0x000000006e910000 - 0x000000006e91d000 	C:\Program Files\Java\jdk1.8.0_45\jre\bin\management.dll
0x000007fefd0d0000 - 0x000007fefd0e8000 	C:\Windows\system32\CRYPTSP.dll
0x000007fefcdd0000 - 0x000007fefce17000 	C:\Windows\system32\rsaenh.dll
0x000007fefcbe0000 - 0x000007fefcbfe000 	C:\Windows\system32\USERENV.dll
0x000007fefd830000 - 0x000007fefd83f000 	C:\Windows\system32\CRYPTBASE.dll
0x000007fefb190000 - 0x000007fefb1b7000 	C:\Windows\system32\IPHLPAPI.DLL
0x000007fefb170000 - 0x000007fefb17b000 	C:\Windows\system32\WINNSI.DLL
0x000007fef9410000 - 0x000007fef9428000 	C:\Windows\system32\dhcpcsvc.DLL
0x000007fef93f0000 - 0x000007fef9401000 	C:\Windows\system32\dhcpcsvc6.DLL
0x000007fefd7d0000 - 0x000007fefd827000 	C:\Windows\system32\apphelp.dll
0x000007fef8390000 - 0x000007fef84b5000 	C:\Windows\system32\dbghelp.dll

VM Arguments:
jvm_args: -Xmx1536m -Dfile.encoding=GBK -Duser.country=CN -Duser.language=zh -Duser.variant 
java_command: org.gradle.launcher.daemon.bootstrap.GradleDaemon 4.6
java_class_path (initial): C:\Users\Administrator\.gradle\wrapper\dists\gradle-4.6-all\bcst21l2brirad8k2ben1letg\gradle-4.6\lib\gradle-launcher-4.6.jar
Launcher Type: SUN_STANDARD

Environment Variables:
JAVA_HOME=C:\Program Files\Java\jdk1.8.0_45
CLASSPATH=.;C:\Program Files\Java\jdk1.8.0_45\lib;C:\Program Files\Java\jdk1.8.0_45\lib\tools.jar
PATH=C:\ProgramData\Oracle\Java\javapath;C:\Windows\system32;C:\Windows;C:\Windows\System32\Wbem;C:\Windows\System32\WindowsPowerShell\v1.0\;C:\Program Files (x86)\NVIDIA Corporation\PhysX\Common;C:\Program Files\Git\cmd;C:\Program Files\Java\jdk1.8.0_45\bin;C:\Program Files\Java\jdk1.8.0_45\jre\bin;D:\Program Files\nodejs\;C:\Users\Administrator\AppData\Roaming\npm
USERNAME=Administrator
OS=Windows_NT
PROCESSOR_IDENTIFIER=Intel64 Family 6 Model 158 Stepping 9, GenuineIntel



---------------  S Y S T E M  ---------------

OS: Windows 7 , 64 bit Build 7601 (6.1.7601.24384)

CPU:total 4 (4 cores per cpu, 1 threads per core) family 6 model 158 stepping 9, cmov, cx8, fxsr, mmx, sse, sse2, sse3, ssse3, sse4.1, sse4.2, popcnt, avx, avx2, aes, clmul, erms, rtm, 3dnowpref, lzcnt, tsc, tscinvbit, bmi1, bmi2, adx

Memory: 4k page, physical 8324896k(707152k free), swap 10136652k(5076k free)

vm_info: Java HotSpot(TM) 64-Bit Server VM (25.45-b02) for windows-amd64 JRE (1.8.0_45-b14), built on Apr 10 2015 10:34:15 by "java_re" with MS VC++ 10.0 (VS2010)

time: Sun Apr 10 12:23:04 2022
elapsed time: 6031 seconds (0d 1h 40m 31s)

